生成启动时间为 2015/9/27 22:15:13。
     1>项目“Z:\privoxy-3.0.23-stable\vc_privoxy.vcxproj”在节点 2 上(Build 个目标)。
     1>ClCompile:
         C:\Program Files (x86)\Microsoft Visual Studio 14.0\VC\bin\CL.exe /c /Ipcre /Zi /nologo /W3 /WX- /O2 /Ob2 /Oy- /D WIN32 /D NDEBUG /D _WINDOWS /D STATIC /D _VC80_UPGRADE=0x0600 /GF /Gm- /EHsc /MT /GS /Gy /fp:precise /Zc:wchar_t /Zc:forScope /Zc:inline /Fo".\vc_release_winthr\\" /Fd".\vc_release_winthr\vc140.pdb" /FR".\vc_release_winthr\\" /Gd /TC /analyze- /errorReport:prompt miscutil.c
         miscutil.c
     1>miscutil.c(118): warning C4996: 'strdup': The POSIX name for this item is deprecated. Instead, use the ISO C and C++ conformant name: _strdup. See online help for details.
         C:\Program Files (x86)\Windows Kits\10\Include\10.0.10150.0\ucrt\string.h(552): note: 参见“strdup”的声明
     1>miscutil.c(652): warning C4996: 'strdup': The POSIX name for this item is deprecated. Instead, use the ISO C and C++ conformant name: _strdup. See online help for details.
         C:\Program Files (x86)\Windows Kits\10\Include\10.0.10150.0\ucrt\string.h(552): note: 参见“strdup”的声明
     1>miscutil.c(772): warning C4028: 形参 3 与声明不同
     1>miscutil.c(806): warning C4028: 形参 3 与声明不同
       Link:
         C:\Program Files (x86)\Microsoft Visual Studio 14.0\VC\bin\link.exe /ERRORREPORT:PROMPT /OUT:".\vc_release_winthr\vc_privoxy.exe" /INCREMENTAL:NO /NOLOGO ws2_32.lib comctl32.lib kernel32.lib user32.lib gdi32.lib winspool.lib comdlg32.lib advapi32.lib shell32.lib ole32.lib oleaut32.lib uuid.lib odbc32.lib odbccp32.lib /MANIFEST /MANIFESTUAC:"level='asInvoker' uiAccess='false'" /manifest:embed /DEBUG /PDB:".\vc_release_winthr\vc_privoxy.pdb" /SUBSYSTEM:WINDOWS /TLBID:1 /DYNAMICBASE /NXCOMPAT /IMPLIB:".\vc_release_winthr\vc_privoxy.lib" /MACHINE:X86 /SAFESEH .\vc_release_winthr\w32.res
         .\vc_release_winthr\actions.obj
         .\vc_release_winthr\cgi.obj
         .\vc_release_winthr\cgiedit.obj
         .\vc_release_winthr\cgisimple.obj
         .\vc_release_winthr\deanimate.obj
         .\vc_release_winthr\encode.obj
         .\vc_release_winthr\errlog.obj
         .\vc_release_winthr\filters.obj
         .\vc_release_winthr\gateway.obj
         .\vc_release_winthr\jbsockets.obj
         .\vc_release_winthr\jcc.obj
         .\vc_release_winthr\list.obj
         .\vc_release_winthr\loadcfg.obj
         .\vc_release_winthr\loaders.obj
         .\vc_release_winthr\miscutil.obj
         .\vc_release_winthr\parsers.obj
         .\vc_release_winthr\get.obj
         .\vc_release_winthr\maketables.obj
         .\vc_release_winthr\pcre.obj
         .\vc_release_winthr\pcreposix.obj
         .\vc_release_winthr\study.obj
         .\vc_release_winthr\pcrs.obj
         .\vc_release_winthr\ssplit.obj
         .\vc_release_winthr\urlmatch.obj
         .\vc_release_winthr\w32log.obj
         .\vc_release_winthr\w32svrapi.obj
         .\vc_release_winthr\w32taskbar.obj
         .\vc_release_winthr\win32.obj
         vc_privoxy.vcxproj -> Z:\privoxy-3.0.23-stable\.\vc_release_winthr\vc_privoxy.exe
       BscMake:
         C:\Program Files (x86)\Microsoft Visual Studio 14.0\VC\bin\bscmake.exe /nologo /o".\vc_release_winthr\vc_privoxy.bsc" .\vc_release_winthr\actions.sbr .\vc_release_winthr\cgi.sbr .\vc_release_winthr\cgiedit.sbr .\vc_release_winthr\cgisimple.sbr .\vc_release_winthr\deanimate.sbr .\vc_release_winthr\encode.sbr .\vc_release_winthr\errlog.sbr .\vc_release_winthr\filters.sbr .\vc_release_winthr\gateway.sbr .\vc_release_winthr\jbsockets.sbr .\vc_release_winthr\jcc.sbr .\vc_release_winthr\list.sbr .\vc_release_winthr\loadcfg.sbr .\vc_release_winthr\loaders.sbr .\vc_release_winthr\miscutil.sbr .\vc_release_winthr\parsers.sbr .\vc_release_winthr\get.sbr .\vc_release_winthr\maketables.sbr .\vc_release_winthr\pcre.sbr .\vc_release_winthr\pcreposix.sbr .\vc_release_winthr\study.sbr .\vc_release_winthr\pcrs.sbr .\vc_release_winthr\ssplit.sbr .\vc_release_winthr\urlmatch.sbr .\vc_release_winthr\w32log.sbr .\vc_release_winthr\w32svrapi.sbr .\vc_release_winthr\w32taskbar.sbr .\vc_release_winthr\win32.sbr
     1>已完成生成项目“Z:\privoxy-3.0.23-stable\vc_privoxy.vcxproj”(Build 个目标)的操作。

已成功生成。

已用时间 00:00:11.76
